Configuring aeson-0.9.0.1...
Building aeson-0.9.0.1...
Preprocessing library aeson-0.9.0.1...
[ 1 of 13] Compiling Data.Aeson.Types.Internal ( Data/Aeson/Types/Internal.hs, dist/dist-sandbox-cbf4510/build/Data/Aeson/Types/Internal.o )
[ 2 of 13] Compiling Data.Aeson.Types.Class ( Data/Aeson/Types/Class.hs, dist/dist-sandbox-cbf4510/build/Data/Aeson/Types/Class.o )
[ 3 of 13] Compiling Data.Aeson.Functions ( Data/Aeson/Functions.hs, dist/dist-sandbox-cbf4510/build/Data/Aeson/Functions.o )
[ 4 of 13] Compiling Data.Aeson.Types.Instances ( Data/Aeson/Types/Instances.hs, dist/dist-sandbox-cbf4510/build/Data/Aeson/Types/Instances.o )
[ 5 of 13] Compiling Data.Aeson.Types.Generic ( Data/Aeson/Types/Generic.hs, dist/dist-sandbox-cbf4510/build/Data/Aeson/Types/Generic.o )
[ 6 of 13] Compiling Data.Aeson.Types ( Data/Aeson/Types.hs, dist/dist-sandbox-cbf4510/build/Data/Aeson/Types.o )
[ 7 of 13] Compiling Data.Aeson.Encode.ByteString ( Data/Aeson/Encode/ByteString.hs, dist/dist-sandbox-cbf4510/build/Data/Aeson/Encode/ByteString.o )
[ 8 of 13] Compiling Data.Aeson.Parser.Internal ( Data/Aeson/Parser/Internal.hs, dist/dist-sandbox-cbf4510/build/Data/Aeson/Parser/Internal.o )
[ 9 of 13] Compiling Data.Aeson.Parser ( Data/Aeson/Parser.hs, dist/dist-sandbox-cbf4510/build/Data/Aeson/Parser.o )
[10 of 13] Compiling Data.Aeson.Encode ( Data/Aeson/Encode.hs, dist/dist-sandbox-cbf4510/build/Data/Aeson/Encode.o )
[11 of 13] Compiling Data.Aeson.Generic ( Data/Aeson/Generic.hs, dist/dist-sandbox-cbf4510/build/Data/Aeson/Generic.o )
[12 of 13] Compiling Data.Aeson       ( Data/Aeson.hs, dist/dist-sandbox-cbf4510/build/Data/Aeson.o )
[13 of 13] Compiling Data.Aeson.TH    ( Data/Aeson/TH.hs, dist/dist-sandbox-cbf4510/build/Data/Aeson/TH.o )
In-place registering aeson-0.9.0.1...
Creating package registration file:
/var/folders/_k/pwdtd08s683b3khk7dtls47w0000gn/T/pkgConf-aeson-0.9.062750.1
Installing library in
/Users/Martins/Documents/15:1/LP/Trabalho2/.cabal-sandbox/lib/x86_64-osx-ghc-7.8.3/aeson-0.9.0.1
Registering aeson-0.9.0.1...
