Configuring crypto-pubkey-0.2.8...
Building crypto-pubkey-0.2.8...
Preprocessing library crypto-pubkey-0.2.8...
[ 1 of 16] Compiling Crypto.PubKey.ECC.Prim ( Crypto/PubKey/ECC/Prim.hs, dist/dist-sandbox-cbf4510/build/Crypto/PubKey/ECC/Prim.o )

Crypto/PubKey/ECC/Prim.hs:109:14: Warning:
    Defined but not used: ‘curve’

Crypto/PubKey/ECC/Prim.hs:109:51: Warning:
    Defined but not used: ‘pt’
[ 2 of 16] Compiling Crypto.PubKey.ECC.DH ( Crypto/PubKey/ECC/DH.hs, dist/dist-sandbox-cbf4510/build/Crypto/PubKey/ECC/DH.o )
[ 3 of 16] Compiling Crypto.PubKey.ECC.Generate ( Crypto/PubKey/ECC/Generate.hs, dist/dist-sandbox-cbf4510/build/Crypto/PubKey/ECC/Generate.o )
[ 4 of 16] Compiling Crypto.PubKey.DH ( Crypto/PubKey/DH.hs, dist/dist-sandbox-cbf4510/build/Crypto/PubKey/DH.o )
[ 5 of 16] Compiling Crypto.PubKey.HashDescr ( Crypto/PubKey/HashDescr.hs, dist/dist-sandbox-cbf4510/build/Crypto/PubKey/HashDescr.o )
[ 6 of 16] Compiling Crypto.PubKey.MaskGenFunction ( Crypto/PubKey/MaskGenFunction.hs, dist/dist-sandbox-cbf4510/build/Crypto/PubKey/MaskGenFunction.o )
[ 7 of 16] Compiling Crypto.PubKey.DSA ( Crypto/PubKey/DSA.hs, dist/dist-sandbox-cbf4510/build/Crypto/PubKey/DSA.o )
[ 8 of 16] Compiling Crypto.PubKey.ECC.ECDSA ( Crypto/PubKey/ECC/ECDSA.hs, dist/dist-sandbox-cbf4510/build/Crypto/PubKey/ECC/ECDSA.o )
[ 9 of 16] Compiling Crypto.PubKey.ElGamal ( Crypto/PubKey/ElGamal.hs, dist/dist-sandbox-cbf4510/build/Crypto/PubKey/ElGamal.o )
[10 of 16] Compiling Crypto.PubKey.Internal ( Crypto/PubKey/Internal.hs, dist/dist-sandbox-cbf4510/build/Crypto/PubKey/Internal.o )
[11 of 16] Compiling Crypto.PubKey.RSA.Types ( Crypto/PubKey/RSA/Types.hs, dist/dist-sandbox-cbf4510/build/Crypto/PubKey/RSA/Types.o )
[12 of 16] Compiling Crypto.PubKey.RSA.Prim ( Crypto/PubKey/RSA/Prim.hs, dist/dist-sandbox-cbf4510/build/Crypto/PubKey/RSA/Prim.o )
[13 of 16] Compiling Crypto.PubKey.RSA ( Crypto/PubKey/RSA.hs, dist/dist-sandbox-cbf4510/build/Crypto/PubKey/RSA.o )
[14 of 16] Compiling Crypto.PubKey.RSA.PKCS15 ( Crypto/PubKey/RSA/PKCS15.hs, dist/dist-sandbox-cbf4510/build/Crypto/PubKey/RSA/PKCS15.o )
[15 of 16] Compiling Crypto.PubKey.RSA.OAEP ( Crypto/PubKey/RSA/OAEP.hs, dist/dist-sandbox-cbf4510/build/Crypto/PubKey/RSA/OAEP.o )
[16 of 16] Compiling Crypto.PubKey.RSA.PSS ( Crypto/PubKey/RSA/PSS.hs, dist/dist-sandbox-cbf4510/build/Crypto/PubKey/RSA/PSS.o )
In-place registering crypto-pubkey-0.2.8...
Creating package registration file:
/var/folders/_k/pwdtd08s683b3khk7dtls47w0000gn/T/pkgConf-crypto-pubkey-0.262750.8
Installing library in
/Users/Martins/Documents/15:1/LP/Trabalho2/.cabal-sandbox/lib/x86_64-osx-ghc-7.8.3/crypto-pubkey-0.2.8
Registering crypto-pubkey-0.2.8...
