Configuring hourglass-0.2.9...
Building hourglass-0.2.9...
Preprocessing library hourglass-0.2.9...
[ 1 of 14] Compiling Data.Hourglass.Utils ( Data/Hourglass/Utils.hs, dist/dist-sandbox-cbf4510/build/Data/Hourglass/Utils.o )
[ 2 of 14] Compiling Data.Hourglass.Zone ( Data/Hourglass/Zone.hs, dist/dist-sandbox-cbf4510/build/Data/Hourglass/Zone.o )
[ 3 of 14] Compiling Data.Hourglass.Types ( Data/Hourglass/Types.hs, dist/dist-sandbox-cbf4510/build/Data/Hourglass/Types.o )
[ 4 of 14] Compiling Data.Hourglass.Internal.Unix ( Data/Hourglass/Internal/Unix.hs, dist/dist-sandbox-cbf4510/build/Data/Hourglass/Internal/Unix.o )
[ 5 of 14] Compiling Data.Hourglass.Internal ( Data/Hourglass/Internal.hs, dist/dist-sandbox-cbf4510/build/Data/Hourglass/Internal.o )
[ 6 of 14] Compiling Data.Hourglass.Calendar ( Data/Hourglass/Calendar.hs, dist/dist-sandbox-cbf4510/build/Data/Hourglass/Calendar.o )
[ 7 of 14] Compiling Data.Hourglass.Diff ( Data/Hourglass/Diff.hs, dist/dist-sandbox-cbf4510/build/Data/Hourglass/Diff.o )
[ 8 of 14] Compiling Data.Hourglass.Time ( Data/Hourglass/Time.hs, dist/dist-sandbox-cbf4510/build/Data/Hourglass/Time.o )
[ 9 of 14] Compiling Data.Hourglass.Local ( Data/Hourglass/Local.hs, dist/dist-sandbox-cbf4510/build/Data/Hourglass/Local.o )
[10 of 14] Compiling Data.Hourglass.Format ( Data/Hourglass/Format.hs, dist/dist-sandbox-cbf4510/build/Data/Hourglass/Format.o )
[11 of 14] Compiling Data.Hourglass.Epoch ( Data/Hourglass/Epoch.hs, dist/dist-sandbox-cbf4510/build/Data/Hourglass/Epoch.o )
[12 of 14] Compiling System.Hourglass ( System/Hourglass.hs, dist/dist-sandbox-cbf4510/build/System/Hourglass.o )
[13 of 14] Compiling Data.Hourglass   ( Data/Hourglass.hs, dist/dist-sandbox-cbf4510/build/Data/Hourglass.o )
[14 of 14] Compiling Data.Hourglass.Compat ( Data/Hourglass/Compat.hs, dist/dist-sandbox-cbf4510/build/Data/Hourglass/Compat.o )
In-place registering hourglass-0.2.9...
Creating package registration file:
/var/folders/_k/pwdtd08s683b3khk7dtls47w0000gn/T/pkgConf-hourglass-0.262750.9
Installing library in
/Users/Martins/Documents/15:1/LP/Trabalho2/.cabal-sandbox/lib/x86_64-osx-ghc-7.8.3/hourglass-0.2.9
Registering hourglass-0.2.9...
