Configuring http-client-0.4.11.2...
Building http-client-0.4.11.2...
Preprocessing library http-client-0.4.11.2...
[ 1 of 17] Compiling Network.PublicSuffixList.Types ( publicsuffixlist/Network/PublicSuffixList/Types.hs, dist/dist-sandbox-cbf4510/build/Network/PublicSuffixList/Types.o )
[ 2 of 17] Compiling Network.PublicSuffixList.Serialize ( publicsuffixlist/Network/PublicSuffixList/Serialize.hs, dist/dist-sandbox-cbf4510/build/Network/PublicSuffixList/Serialize.o )
[ 3 of 17] Compiling Network.PublicSuffixList.DataStructure ( publicsuffixlist/Network/PublicSuffixList/DataStructure.hs, dist/dist-sandbox-cbf4510/build/Network/PublicSuffixList/DataStructure.o )
[ 4 of 17] Compiling Network.PublicSuffixList.Lookup ( publicsuffixlist/Network/PublicSuffixList/Lookup.hs, dist/dist-sandbox-cbf4510/build/Network/PublicSuffixList/Lookup.o )
[ 5 of 17] Compiling Network.HTTP.Client.Util ( Network/HTTP/Client/Util.hs, dist/dist-sandbox-cbf4510/build/Network/HTTP/Client/Util.o )
[ 6 of 17] Compiling Network.HTTP.Client.Types ( Network/HTTP/Client/Types.hs, dist/dist-sandbox-cbf4510/build/Network/HTTP/Client/Types.o )
[ 7 of 17] Compiling Network.HTTP.Client.Connection ( Network/HTTP/Client/Connection.hs, dist/dist-sandbox-cbf4510/build/Network/HTTP/Client/Connection.o )
[ 8 of 17] Compiling Network.HTTP.Client.Headers ( Network/HTTP/Client/Headers.hs, dist/dist-sandbox-cbf4510/build/Network/HTTP/Client/Headers.o )
[ 9 of 17] Compiling Network.HTTP.Client.Request ( Network/HTTP/Client/Request.hs, dist/dist-sandbox-cbf4510/build/Network/HTTP/Client/Request.o )
[10 of 17] Compiling Network.HTTP.Client.Manager ( Network/HTTP/Client/Manager.hs, dist/dist-sandbox-cbf4510/build/Network/HTTP/Client/Manager.o )
[11 of 17] Compiling Network.HTTP.Client.Body ( Network/HTTP/Client/Body.hs, dist/dist-sandbox-cbf4510/build/Network/HTTP/Client/Body.o )
[12 of 17] Compiling Network.HTTP.Client.Response ( Network/HTTP/Client/Response.hs, dist/dist-sandbox-cbf4510/build/Network/HTTP/Client/Response.o )
[13 of 17] Compiling Network.HTTP.Client.Cookies ( Network/HTTP/Client/Cookies.hs, dist/dist-sandbox-cbf4510/build/Network/HTTP/Client/Cookies.o )
[14 of 17] Compiling Network.HTTP.Client.Core ( Network/HTTP/Client/Core.hs, dist/dist-sandbox-cbf4510/build/Network/HTTP/Client/Core.o )
[15 of 17] Compiling Network.HTTP.Client.Internal ( Network/HTTP/Client/Internal.hs, dist/dist-sandbox-cbf4510/build/Network/HTTP/Client/Internal.o )
[16 of 17] Compiling Network.HTTP.Client ( Network/HTTP/Client.hs, dist/dist-sandbox-cbf4510/build/Network/HTTP/Client.o )
[17 of 17] Compiling Network.HTTP.Client.MultipartFormData ( Network/HTTP/Client/MultipartFormData.hs, dist/dist-sandbox-cbf4510/build/Network/HTTP/Client/MultipartFormData.o )
In-place registering http-client-0.4.11.2...
Creating package registration file:
/var/folders/_k/pwdtd08s683b3khk7dtls47w0000gn/T/pkgConf-http-client-0.4.1162750.2
Installing library in
/Users/Martins/Documents/15:1/LP/Trabalho2/.cabal-sandbox/lib/x86_64-osx-ghc-7.8.3/http-client-0.4.11.2
Registering http-client-0.4.11.2...
